<?xml version="1.0" encoding="UTF-8"?>
<!-- Generated by org.testng.reporters.JUnitReportReporter -->
<testsuite skipped="0" hostname="Abhishek-PC" name="Acadamy.E2EProject.verifynavigation" tests="1" failures="0" timestamp="2020-10-04T19:47:43 IST" time="1.117" errors="0">
  <testcase name="homepage" time="1.117" classname="Acadamy.E2EProject.verifynavigation"/>
  <system-out/>
</testsuite> <!-- Acadamy.E2EProject.verifynavigation -->
