<?xml version="1.0" encoding="UTF-8"?>
<!-- Generated by org.testng.reporters.JUnitReportReporter -->
<testsuite skipped="0" hostname="Abhishek-PC" name="Acadamy.E2EProject.HomepageTest" tests="2" failures="0" timestamp="2020-10-04T19:47:43 IST" time="28.973" errors="0">
  <testcase name="homepage" time="8.946" classname="Acadamy.E2EProject.HomepageTest"/>
  <system-out/>
  <testcase name="homepage" time="20.027" classname="Acadamy.E2EProject.HomepageTest"/>
  <system-out/>
</testsuite> <!-- Acadamy.E2EProject.HomepageTest -->
