<?xml version="1.0" encoding="UTF-8"?>
<!-- Generated by org.testng.reporters.JUnitReportReporter -->
<testsuite hostname="Abhishek-PC" failures="0" tests="2" name="Acadamy.E2EProject.HomepageTest" time="28.472" errors="0" timestamp="2020-10-02T11:14:44 IST" skipped="0">
  <testcase classname="Acadamy.E2EProject.HomepageTest" name="homepage" time="12.946"/>
  <system-out/>
  <testcase classname="Acadamy.E2EProject.HomepageTest" name="homepage" time="15.526"/>
  <system-out/>
</testsuite> <!-- Acadamy.E2EProject.HomepageTest -->
