<?xml version="1.0" encoding="UTF-8"?>
<!-- Generated by org.testng.reporters.JUnitReportReporter -->
<testsuite hostname="Abhishek-PC" failures="0" tests="1" name="Acadamy.E2EProject.verifynavigation" time="0.374" errors="0" timestamp="2020-10-02T11:14:44 IST" skipped="0">
  <testcase classname="Acadamy.E2EProject.verifynavigation" name="homepage" time="0.374"/>
  <system-out/>
</testsuite> <!-- Acadamy.E2EProject.verifynavigation -->
